<?xml version="1.0" encoding="UTF-8"?>
<!-- Generated by org.testng.reporters.JUnitReportReporter -->
<testsuite skipped="0" hostname="Ćorović-PC" name="sdemo.LoginTest" tests="1" failures="0" timestamp="2020-07-15T13:16:24 CEST" time="9.516" errors="0">
  <testcase name="login" time="9.516" classname="sdemo.LoginTest"/>
  <system-out/>
</testsuite> <!-- sdemo.LoginTest -->
