<?xml version="1.0" encoding="UTF-8"?>
<!-- Generated by org.testng.reporters.JUnitReportReporter -->
<testsuite skipped="0" hostname="Ćorović-PC" name="sdemo.LoginTest" tests="4" failures="0" timestamp="2020-07-23T19:31:11 CEST" time="33.836" errors="0">
  <testcase name="loginWithoutUserAndPass" time="3.915" classname="sdemo.LoginTest"/>
  <system-out>
<br><img src=' C:\Users\OROVI~1\AppData\Local\Temp\screenshot8189360590356074723.png' height='200' widht='200'/><br> Epic sadface: Username is required  </system-out>
  <testcase name="loginWithoutUsername" time="3.993" classname="sdemo.LoginTest"/>
  <system-out>
<br><img src=' C:\Users\OROVI~1\AppData\Local\Temp\screenshot1812435110340116733.png' height='200' widht='200'/><br> Epic sadface: Username is required  </system-out>
  <testcase name="loginWithoutPassword" time="7.615" classname="sdemo.LoginTest"/>
  <system-out>
<br><img src=' C:\Users\OROVI~1\AppData\Local\Temp\screenshot43011308879001702.png' height='200' widht='200'/><br> Epic sadface: Password is required  </system-out>
  <testcase name="login" time="18.313" classname="sdemo.LoginTest"/>
  <system-out/>
</testsuite> <!-- sdemo.LoginTest -->
